2019-08-18 18:45:30.968  INFO 22101 --- [restartedMain] c.s.ecare.EcareApplication               : Starting EcareApplication on Discovery98 with PID 22101 (/media/shankhar/Ecare/target/classes started by shankardesigner in /media/shankhar/Ecare)
2019-08-18 18:45:30.982 DEBUG 22101 --- [restartedMain] c.s.ecare.EcareApplication               : Running with Spring Boot v2.1.7.RELEASE, Spring v5.1.9.RELEASE
2019-08-18 18:45:30.984  INFO 22101 --- [restartedMain] c.s.ecare.EcareApplication               : No active profile set, falling back to default profiles: default
2019-08-18 18:45:31.165  INFO 22101 --- [restartedMain] .e.DevToolsPropertyDefaultsPostProcessor : Devtools property defaults active! Set 'spring.devtools.add-properties' to 'false' to disable
2019-08-18 18:45:31.166  INFO 22101 --- [restartedMain] .e.DevToolsPropertyDefaultsPostProcessor : For additional web related logging consider setting the 'logging.level.web' property to 'DEBUG'
2019-08-18 18:45:32.854  INFO 22101 --- [restartedMain] .s.d.r.c.RepositoryConfigurationDelegate : Bootstrapping Spring Data repositories in DEFAULT mode.
2019-08-18 18:45:32.989  INFO 22101 --- [restartedMain] .s.d.r.c.RepositoryConfigurationDelegate : Finished Spring Data repository scanning in 123ms. Found 5 repository interfaces.
2019-08-18 18:45:33.727  INFO 22101 --- [restartedMain] trationDelegate$BeanPostProcessorChecker : Bean 'org.springframework.transaction.annotation.ProxyTransactionManagementConfiguration' of type [org.springframework.transaction.annotation.ProxyTransactionManagementConfiguration$$EnhancerBySpringCGLIB$$82e33f79] is not eligible for getting processed by all BeanPostProcessors (for example: not eligible for auto-proxying)
2019-08-18 18:45:33.791  INFO 22101 --- [restartedMain] trationDelegate$BeanPostProcessorChecker : Bean 'org.springframework.security.config.annotation.configuration.ObjectPostProcessorConfiguration' of type [org.springframework.security.config.annotation.configuration.ObjectPostProcessorConfiguration$$EnhancerBySpringCGLIB$$1b9107b3] is not eligible for getting processed by all BeanPostProcessors (for example: not eligible for auto-proxying)
2019-08-18 18:45:33.800  INFO 22101 --- [restartedMain] trationDelegate$BeanPostProcessorChecker : Bean 'objectPostProcessor' of type [org.springframework.security.config.annotation.configuration.AutowireBeanFactoryObjectPostProcessor] is not eligible for getting processed by all BeanPostProcessors (for example: not eligible for auto-proxying)
2019-08-18 18:45:33.803  INFO 22101 --- [restartedMain] trationDelegate$BeanPostProcessorChecker : Bean 'org.springframework.security.access.expression.method.DefaultMethodSecurityExpressionHandler@3a9d599b' of type [org.springframework.security.access.expression.method.DefaultMethodSecurityExpressionHandler] is not eligible for getting processed by all BeanPostProcessors (for example: not eligible for auto-proxying)
2019-08-18 18:45:33.808  INFO 22101 --- [restartedMain] trationDelegate$BeanPostProcessorChecker : Bean 'org.springframework.security.config.annotation.method.configuration.GlobalMethodSecurityConfiguration' of type [org.springframework.security.config.annotation.method.configuration.GlobalMethodSecurityConfiguration$$EnhancerBySpringCGLIB$$4065aa65] is not eligible for getting processed by all BeanPostProcessors (for example: not eligible for auto-proxying)
2019-08-18 18:45:33.817  INFO 22101 --- [restartedMain] trationDelegate$BeanPostProcessorChecker : Bean 'org.springframework.security.config.annotation.method.configuration.Jsr250MetadataSourceConfiguration' of type [org.springframework.security.config.annotation.method.configuration.Jsr250MetadataSourceConfiguration$$EnhancerBySpringCGLIB$$65bac27b] is not eligible for getting processed by all BeanPostProcessors (for example: not eligible for auto-proxying)
2019-08-18 18:45:33.823  INFO 22101 --- [restartedMain] trationDelegate$BeanPostProcessorChecker : Bean 'jsr250MethodSecurityMetadataSource' of type [org.springframework.security.access.annotation.Jsr250MethodSecurityMetadataSource] is not eligible for getting processed by all BeanPostProcessors (for example: not eligible for auto-proxying)
2019-08-18 18:45:33.825  INFO 22101 --- [restartedMain] trationDelegate$BeanPostProcessorChecker : Bean 'methodSecurityMetadataSource' of type [org.springframework.security.access.method.DelegatingMethodSecurityMetadataSource] is not eligible for getting processed by all BeanPostProcessors (for example: not eligible for auto-proxying)
2019-08-18 18:45:34.436  INFO 22101 --- [restartedMain] o.s.b.w.embedded.tomcat.TomcatWebServer  : Tomcat initialized with port(s): 8080 (http)
2019-08-18 18:45:34.500  INFO 22101 --- [restartedMain] o.apache.catalina.core.StandardService   : Starting service [Tomcat]
2019-08-18 18:45:34.501  INFO 22101 --- [restartedMain] org.apache.catalina.core.StandardEngine  : Starting Servlet engine: [Apache Tomcat/9.0.22]
2019-08-18 18:45:34.670  INFO 22101 --- [restartedMain] o.a.c.c.C.[Tomcat].[localhost].[/]       : Initializing Spring embedded WebApplicationContext
2019-08-18 18:45:34.670  INFO 22101 --- [restartedMain] o.s.web.context.ContextLoader            : Root WebApplicationContext: initialization completed in 3504 ms
2019-08-18 18:45:34.990  INFO 22101 --- [restartedMain] com.zaxxer.hikari.HikariDataSource       : HikariPool-1 - Starting...
2019-08-18 18:45:35.252  INFO 22101 --- [restartedMain] com.zaxxer.hikari.HikariDataSource       : HikariPool-1 - Start completed.
2019-08-18 18:45:35.318  INFO 22101 --- [restartedMain] o.hibernate.jpa.internal.util.LogHelper  : HHH000204: Processing PersistenceUnitInfo [
	name: default
	...]
2019-08-18 18:45:35.403  INFO 22101 --- [restartedMain] org.hibernate.Version                    : HHH000412: Hibernate Core {5.3.10.Final}
2019-08-18 18:45:35.405  INFO 22101 --- [restartedMain] org.hibernate.cfg.Environment            : HHH000206: hibernate.properties not found
2019-08-18 18:45:35.597  INFO 22101 --- [restartedMain] o.hibernate.annotations.common.Version   : HCANN000001: Hibernate Commons Annotations {5.0.4.Final}
2019-08-18 18:45:35.776  INFO 22101 --- [restartedMain] org.hibernate.dialect.Dialect            : HHH000400: Using dialect: org.hibernate.dialect.MySQL5InnoDBDialect
2019-08-18 18:45:37.023  INFO 22101 --- [restartedMain] j.LocalContainerEntityManagerFactoryBean : Initialized JPA EntityManagerFactory for persistence unit 'default'
2019-08-18 18:45:37.057  INFO 22101 --- [restartedMain] o.s.b.d.a.OptionalLiveReloadServer       : LiveReload server is running on port 35729
2019-08-18 18:45:37.886  INFO 22101 --- [restartedMain] .s.s.UserDetailsServiceAutoConfiguration : 

Using generated security password: da62f15f-e2f8-4d28-8872-e3bbd9cdda9f

2019-08-18 18:45:38.083  WARN 22101 --- [restartedMain] aWebConfiguration$JpaWebMvcConfiguration : spring.jpa.open-in-view is enabled by default. Therefore, database queries may be performed during view rendering. Explicitly configure spring.jpa.open-in-view to disable this warning
2019-08-18 18:45:38.238  INFO 22101 --- [restartedMain] o.s.s.web.DefaultSecurityFilterChain     : Creating filter chain: any request, [org.springframework.security.web.context.request.async.WebAsyncManagerIntegrationFilter@b0bc591, org.springframework.security.web.context.SecurityContextPersistenceFilter@1862e29a, org.springframework.security.web.header.HeaderWriterFilter@4b89ed48, org.springframework.web.filter.CorsFilter@7508b737, org.springframework.security.web.authentication.logout.LogoutFilter@1dd7c3db, org.springframework.security.web.savedrequest.RequestCacheAwareFilter@6a4e49c6, org.springframework.security.web.servletapi.SecurityContextHolderAwareRequestFilter@7095ebe7, org.springframework.security.web.authentication.AnonymousAuthenticationFilter@28b21bd8, org.springframework.security.web.session.SessionManagementFilter@4d7ea5c2, org.springframework.security.web.access.ExceptionTranslationFilter@7a6c7a40, org.springframework.security.web.access.intercept.FilterSecurityInterceptor@3015e411]
2019-08-18 18:45:38.482  INFO 22101 --- [restartedMain] o.s.s.concurrent.ThreadPoolTaskExecutor  : Initializing ExecutorService 'applicationTaskExecutor'
2019-08-18 18:45:39.011  INFO 22101 --- [restartedMain] o.s.b.w.embedded.tomcat.TomcatWebServer  : Tomcat started on port(s): 8080 (http) with context path ''
2019-08-18 18:45:39.014  INFO 22101 --- [restartedMain] c.s.ecare.EcareApplication               : Started EcareApplication in 9.185 seconds (JVM running for 10.243)
2019-08-18 18:46:30.539  INFO 22101 --- [Thread-8] o.s.s.concurrent.ThreadPoolTaskExecutor  : Shutting down ExecutorService 'applicationTaskExecutor'
2019-08-18 18:46:30.542  INFO 22101 --- [Thread-8] j.LocalContainerEntityManagerFactoryBean : Closing JPA EntityManagerFactory for persistence unit 'default'
2019-08-18 18:46:30.549  INFO 22101 --- [Thread-8] com.zaxxer.hikari.HikariDataSource       : HikariPool-1 - Shutdown initiated...
2019-08-18 18:46:30.563  INFO 22101 --- [Thread-8] com.zaxxer.hikari.HikariDataSource       : HikariPool-1 - Shutdown completed.
